<?xml version="1.0" encoding="UTF-8"?>
<testsuite xmlns:xsi="http://www.w3.org/2001/XMLSchema-instance" xsi:noNamespaceSchemaLocation="https://maven.apache.org/surefire/maven-surefire-plugin/xsd/surefire-test-report-3.0.xsd" version="3.0" name="org.studentnr.backend.service.UserServiceTest" time="0.011" tests="1" errors="1" skipped="0" failures="0">
  <properties>
[...]
</properties>
  <testcase name="testCreateUser" classname="org.studentnr.backend.service.UserServiceTest" time="1.407">
    <error type="org.springframework.transaction.CannotCreateTransactionException"><![CDATA[org.springframework.transaction.CannotCreateTransactionException: Could not open JPA EntityManager for transaction; nested exception is javax.persistence.PersistenceException: [PersistenceUnit: default] Unable to build Hibernate SessionFactory; nested exception is org.hibernate.tool.schema.spi.SchemaManagementException: Schema-validation: missing table [trip]
Caused by: javax.persistence.PersistenceException: [PersistenceUnit: default] Unable to build Hibernate SessionFactory; nested exception is org.hibernate.tool.schema.spi.SchemaManagementException: Schema-validation: missing table [trip]
Caused by: org.hibernate.tool.schema.spi.SchemaManagementException: Schema-validation: missing table [trip]
]]></error>
    <system-out><![CDATA[12:38:42.443 [main] DEBUG org.springframework.test.context.BootstrapUtils - Instantiating CacheAwareContextLoaderDelegate from class [org.springframework.test.context.cache.DefaultCacheAwareContextLoaderDelegate]
12:38:42.493 [main] DEBUG org.springframework.test.context.BootstrapUtils - Instantiating BootstrapContext using constructor [public org.springframework.test.context.support.DefaultBootstrapContext(java.lang.Class,org.springframework.test.context.CacheAwareContextLoaderDelegate)]
12:38:42.665 [main] DEBUG org.springframework.test.context.BootstrapUtils - Instantiating TestContextBootstrapper for test class [org.studentnr.backend.service.UserServiceTest] from class [org.springframework.boot.test.context.SpringBootTestContextBootstrapper]
12:38:42.723 [main] INFO org.springframework.boot.test.context.SpringBootTestContextBootstrapper - Neither @ContextConfiguration nor @ContextHierarchy found for test class [org.studentnr.backend.service.UserServiceTest], using SpringBootContextLoader
12:38:42.736 [main] DEBUG org.springframework.test.context.support.AbstractContextLoader - Did not detect default resource location for test class [org.studentnr.backend.service.UserServiceTest]: class path resource [org/studentnr/backend/service/UserServiceTest-context.xml] does not exist
12:38:42.737 [main] DEBUG org.springframework.test.context.support.AbstractContextLoader - Did not detect default resource location for test class [org.studentnr.backend.service.UserServiceTest]: class path resource [org/studentnr/backend/service/UserServiceTestContext.groovy] does not exist
12:38:42.738 [main] INFO org.springframework.test.context.support.AbstractContextLoader - Could not detect default resource locations for test class [org.studentnr.backend.service.UserServiceTest]: no resource found for suffixes {-context.xml, Context.groovy}.
12:38:42.851 [main] DEBUG org.springframework.test.context.support.ActiveProfilesUtils - Could not find an 'annotation declaring class' for annotation type [org.springframework.test.context.ActiveProfiles] and class [org.studentnr.backend.service.UserServiceTest]
12:38:43.411 [main] DEBUG org.springframework.boot.test.context.SpringBootTestContextBootstrapper - @TestExecutionListeners is not present for class [org.studentnr.backend.service.UserServiceTest]: using defaults.
12:38:43.412 [main] INFO org.springframework.boot.test.context.SpringBootTestContextBootstrapper - Loaded default TestExecutionListener class names from location [META-INF/spring.factories]: [org.springframework.boot.test.mock.mockito.MockitoTestExecutionListener, org.springframework.boot.test.mock.mockito.ResetMocksTestExecutionListener, org.springframework.boot.test.autoconfigure.restdocs.RestDocsTestExecutionListener, org.springframework.boot.test.autoconfigure.web.client.MockRestServiceServerResetTestExecutionListener, org.springframework.boot.test.autoconfigure.web.servlet.MockMvcPrintOnlyOnFailureTestExecutionListener, org.springframework.boot.test.autoconfigure.web.servlet.WebDriverTestExecutionListener, org.springframework.boot.test.autoconfigure.webservices.client.MockWebServiceServerTestExecutionListener, org.springframework.test.context.web.ServletTestExecutionListener, org.springframework.test.context.support.DirtiesContextBeforeModesTestExecutionListener, org.springframework.test.context.support.DependencyInjectionTestExecutionListener, org.springframework.test.context.support.DirtiesContextTestExecutionListener, org.springframework.test.context.transaction.TransactionalTestExecutionListener, org.springframework.test.context.jdbc.SqlScriptsTestExecutionListener, org.springframework.test.context.event.EventPublishingTestExecutionListener]
12:38:43.456 [main] DEBUG org.springframework.boot.test.context.SpringBootTestContextBootstrapper - Skipping candidate TestExecutionListener [org.springframework.test.context.web.ServletTestExecutionListener] due to a missing dependency. Specify custom listener classes or make the default listener classes and their required dependencies available. Offending class: [javax/servlet/ServletContext]
12:38:43.557 [main] INFO org.springframework.boot.test.context.SpringBootTestContextBootstrapper - Using TestExecutionListeners: [org.springframework.test.context.support.DirtiesContextBeforeModesTestExecutionListener@74fc3fc7, org.springframework.boot.test.mock.mockito.MockitoTestExecutionListener@491893f8, org.springframework.boot.test.autoconfigure.SpringBootDependencyInjectionTestExecutionListener@1f408ab6, org.springframework.test.context.support.DirtiesContextTestExecutionListener@46e388ec, org.springframework.test.context.transaction.TransactionalTestExecutionListener@53f495f0, org.springframework.test.context.jdbc.SqlScriptsTestExecutionListener@5efe5b25, org.springframework.test.context.event.EventPublishingTestExecutionListener@45707f76, org.springframework.boot.test.mock.mockito.ResetMocksTestExecutionListener@1f0e2bdc, org.springframework.boot.test.autoconfigure.restdocs.RestDocsTestExecutionListener@682266d8, org.springframework.boot.test.autoconfigure.web.client.MockRestServiceServerResetTestExecutionListener@44a93f8a, org.springframework.boot.test.autoconfigure.web.servlet.MockMvcPrintOnlyOnFailureTestExecutionListener@26463a6, org.springframework.boot.test.autoconfigure.web.servlet.WebDriverTestExecutionListener@6c5ae8fd, org.springframework.boot.test.autoconfigure.webservices.client.MockWebServiceServerTestExecutionListener@17354708]
12:38:43.608 [main] DEBUG org.springframework.test.context.support.AbstractDirtiesContextTestExecutionListener - Before test class: context [DefaultTestContext@296676c4 testClass = UserServiceTest, testInstance = [null], testMethod = [null], testException = [null], mergedContextConfiguration = [MergedContextConfiguration@df7d1d4 testClass = UserServiceTest, locations = '{}', classes = '{class org.studentnr.backend.StubApplication, class org.studentnr.backend.StubApplication}', contextInitializerClasses = '[]', activeProfiles = '{}', propertySourceLocations = '{}', propertySourceProperties = '{org.springframework.boot.test.context.SpringBootTestContextBootstrapper=true}', contextCustomizers = set[org.springframework.boot.test.context.filter.ExcludeFilterContextCustomizer@11d2dd2d, org.springframework.boot.test.json.DuplicateJsonObjectContextCustomizerFactory$DuplicateJsonObjectContextCustomizer@20801cbb, org.springframework.boot.test.mock.mockito.MockitoContextCustomizer@0, org.springframework.boot.test.web.client.TestRestTemplateContextCustomizer@9a20cbd, org.springframework.boot.test.autoconfigure.properties.PropertyMappingContextCustomizer@0, org.springframework.boot.test.autoconfigure.web.servlet.WebDriverContextCustomizerFactory$Customizer@7bee8621, org.springframework.boot.test.context.SpringBootTestArgs@1, org.springframework.boot.test.context.SpringBootTestWebEnvironment@777c9dc9], contextLoader = 'org.springframework.boot.test.context.SpringBootContextLoader', parent = [null]], attributes = map[[empty]]], class annotated with @DirtiesContext [false] with mode [null].
12:38:43.631 [main] DEBUG org.springframework.test.context.support.DependencyInjectionTestExecutionListener - Performing dependency injection for test context [[DefaultTestContext@296676c4 testClass = UserServiceTest, testInstance = org.studentnr.backend.service.UserServiceTest@6e981e78, testMethod = [null], testException = [null], mergedContextConfiguration = [MergedContextConfiguration@df7d1d4 testClass = UserServiceTest, locations = '{}', classes = '{class org.studentnr.backend.StubApplication, class org.studentnr.backend.StubApplication}', contextInitializerClasses = '[]', activeProfiles = '{}', propertySourceLocations = '{}', propertySourceProperties = '{org.springframework.boot.test.context.SpringBootTestContextBootstrapper=true}', contextCustomizers = set[org.springframework.boot.test.context.filter.ExcludeFilterContextCustomizer@11d2dd2d, org.springframework.boot.test.json.DuplicateJsonObjectContextCustomizerFactory$DuplicateJsonObjectContextCustomizer@20801cbb, org.springframework.boot.test.mock.mockito.MockitoContextCustomizer@0, org.springframework.boot.test.web.client.TestRestTemplateContextCustomizer@9a20cbd, org.springframework.boot.test.autoconfigure.properties.PropertyMappingContextCustomizer@0, org.springframework.boot.test.autoconfigure.web.servlet.WebDriverContextCustomizerFactory$Customizer@7bee8621, org.springframework.boot.test.context.SpringBootTestArgs@1, org.springframework.boot.test.context.SpringBootTestWebEnvironment@777c9dc9], contextLoader = 'org.springframework.boot.test.context.SpringBootContextLoader', parent = [null]], attributes = map[[empty]]]].
12:38:43.696 [main] DEBUG org.springframework.test.context.support.TestPropertySourceUtils - Adding inlined properties to environment: {spring.jmx.enabled=false, org.springframework.boot.test.context.SpringBootTestContextBootstrapper=true}

  .   ____          _            __ _ _
 /\\ / ___'_ __ _ _(_)_ __  __ _ \ \ \ \
( ( )\___ | '_ | '_| | '_ \/ _` | \ \ \ \
 \\/  ___)| |_)| | | | | || (_| |  ) ) ) )
  '  |____| .__|_| |_|_| |_\__, | / / / /
 =========|_|==============|___/=/_/_/_/
 :: Spring Boot ::        (v2.3.5.RELEASE)

2021-04-29 12:38:44.816  INFO 18285 --- [           main] o.s.backend.service.UserServiceTest      : Starting UserServiceTest on Roozbehs-MBP.home with PID 18285 (started by roozbehmoradi in /Users/roozbehmoradi/Desktop/Enterprise/travel_agency/backend)
2021-04-29 12:38:44.819  INFO 18285 --- [           main] o.s.backend.service.UserServiceTest      : No active profile set, falling back to default profiles: default
2021-04-29 12:38:45.545  INFO 18285 --- [           main] .s.d.r.c.RepositoryConfigurationDelegate : Bootstrapping Spring Data JPA repositories in DEFERRED mode.
2021-04-29 12:38:45.577  INFO 18285 --- [           main] .s.d.r.c.RepositoryConfigurationDelegate : Finished Spring Data repository scanning in 20ms. Found 0 JPA repository interfaces.
2021-04-29 12:38:46.200  INFO 18285 --- [           main] o.f.c.internal.license.VersionPrinter    : Flyway Community Edition 6.4.4 by Redgate
2021-04-29 12:38:46.212  INFO 18285 --- [           main] com.zaxxer.hikari.HikariDataSource       : HikariPool-1 - Starting...
2021-04-29 12:38:46.587  INFO 18285 --- [           main] com.zaxxer.hikari.HikariDataSource       : HikariPool-1 - Start completed.
2021-04-29 12:38:46.635  INFO 18285 --- [           main] o.f.c.internal.database.DatabaseFactory  : Database: jdbc:h2:mem:1c2a1f16-e93d-4403-a74b-f9ca667d921e (H2 1.4)
2021-04-29 12:38:46.771  INFO 18285 --- [           main] o.f.core.internal.command.DbValidate     : Successfully validated 1 migration (execution time 00:00.041s)
2021-04-29 12:38:46.793  INFO 18285 --- [           main] o.f.c.i.s.JdbcTableSchemaHistory         : Creating Schema History table "PUBLIC"."flyway_schema_history" ...
2021-04-29 12:38:46.855  INFO 18285 --- [           main] o.f.core.internal.command.DbMigrate      : Current version of schema "PUBLIC": << Empty Schema >>
2021-04-29 12:38:46.861  INFO 18285 --- [           main] o.f.core.internal.command.DbMigrate      : Migrating schema "PUBLIC" to version 1.0 - createDB
2021-04-29 12:38:46.901  INFO 18285 --- [           main] o.f.core.internal.command.DbMigrate      : Successfully applied 1 migration to schema "PUBLIC" (execution time 00:00.056s)
2021-04-29 12:38:47.001  INFO 18285 --- [           main] o.s.s.concurrent.ThreadPoolTaskExecutor  : Initializing ExecutorService 'applicationTaskExecutor'
2021-04-29 12:38:47.093  INFO 18285 --- [         task-1] o.hibernate.jpa.internal.util.LogHelper  : HHH000204: Processing PersistenceUnitInfo [
	name: default
	...]
2021-04-29 12:38:47.220  INFO 18285 --- [         task-1] org.hibernate.Version                    : HHH000412: Hibernate Core {5.3.7.Final}
2021-04-29 12:38:47.222  INFO 18285 --- [         task-1] org.hibernate.cfg.Environment            : HHH000206: hibernate.properties not found
2021-04-29 12:38:47.373  INFO 18285 --- [           main] DeferredRepositoryInitializationListener : Triggering deferred initialization of Spring Data repositories…
2021-04-29 12:38:47.374  INFO 18285 --- [           main] DeferredRepositoryInitializationListener : Spring Data repositories initialized!
2021-04-29 12:38:47.383  INFO 18285 --- [           main] o.s.backend.service.UserServiceTest      : Started UserServiceTest in 3.682 seconds (JVM running for 6.255)
2021-04-29 12:38:47.451  INFO 18285 --- [         task-1] o.hibernate.annotations.common.Version   : HCANN000001: Hibernate Commons Annotations {5.0.4.Final}
2021-04-29 12:38:47.673  INFO 18285 --- [         task-1] org.hibernate.dialect.Dialect            : HHH000400: Using dialect: org.hibernate.dialect.H2Dialect
]]></system-out>
    <rerunError type="org.springframework.transaction.CannotCreateTransactionException">
      <stackTrace><![CDATA[org.springframework.transaction.CannotCreateTransactionException: Could not open JPA EntityManager for transaction; nested exception is javax.persistence.PersistenceException: [PersistenceUnit: default] Unable to build Hibernate SessionFactory; nested exception is org.hibernate.tool.schema.spi.SchemaManagementException: Schema-validation: missing table [trip]
Caused by: javax.persistence.PersistenceException: [PersistenceUnit: default] Unable to build Hibernate SessionFactory; nested exception is org.hibernate.tool.schema.spi.SchemaManagementException: Schema-validation: missing table [trip]
Caused by: org.hibernate.tool.schema.spi.SchemaManagementException: Schema-validation: missing table [trip]
]]></stackTrace>
      <system-out><![CDATA[2021-04-29 12:38:48.826  INFO 18285 --- [           main] .b.t.c.SpringBootTestContextBootstrapper : Neither @ContextConfiguration nor @ContextHierarchy found for test class [org.studentnr.backend.service.UserServiceTest], using SpringBootContextLoader
2021-04-29 12:38:48.827  INFO 18285 --- [           main] o.s.t.c.support.AbstractContextLoader    : Could not detect default resource locations for test class [org.studentnr.backend.service.UserServiceTest]: no resource found for suffixes {-context.xml, Context.groovy}.
2021-04-29 12:38:48.830  INFO 18285 --- [           main] .b.t.c.SpringBootTestContextBootstrapper : Loaded default TestExecutionListener class names from location [META-INF/spring.factories]: [org.springframework.boot.test.mock.mockito.MockitoTestExecutionListener, org.springframework.boot.test.mock.mockito.ResetMocksTestExecutionListener, org.springframework.boot.test.autoconfigure.restdocs.RestDocsTestExecutionListener, org.springframework.boot.test.autoconfigure.web.client.MockRestServiceServerResetTestExecutionListener, org.springframework.boot.test.autoconfigure.web.servlet.MockMvcPrintOnlyOnFailureTestExecutionListener, org.springframework.boot.test.autoconfigure.web.servlet.WebDriverTestExecutionListener, org.springframework.boot.test.autoconfigure.webservices.client.MockWebServiceServerTestExecutionListener, org.springframework.test.context.web.ServletTestExecutionListener, org.springframework.test.context.support.DirtiesContextBeforeModesTestExecutionListener, org.springframework.test.context.support.DependencyInjectionTestExecutionListener, org.springframework.test.context.support.DirtiesContextTestExecutionListener, org.springframework.test.context.transaction.TransactionalTestExecutionListener, org.springframework.test.context.jdbc.SqlScriptsTestExecutionListener, org.springframework.test.context.event.EventPublishingTestExecutionListener]
2021-04-29 12:38:48.831  INFO 18285 --- [           main] .b.t.c.SpringBootTestContextBootstrapper : Using TestExecutionListeners: [org.springframework.test.context.support.DirtiesContextBeforeModesTestExecutionListener@5bf94ba, org.springframework.boot.test.mock.mockito.MockitoTestExecutionListener@6a49bde9, org.springframework.boot.test.autoconfigure.SpringBootDependencyInjectionTestExecutionListener@7530068f, org.springframework.test.context.support.DirtiesContextTestExecutionListener@76a0762, org.springframework.test.context.transaction.TransactionalTestExecutionListener@7e894971, org.springframework.test.context.jdbc.SqlScriptsTestExecutionListener@598815bc, org.springframework.test.context.event.EventPublishingTestExecutionListener@2c79747c, org.springframework.boot.test.mock.mockito.ResetMocksTestExecutionListener@7bff3786, org.springframework.boot.test.autoconfigure.restdocs.RestDocsTestExecutionListener@4f092b49, org.springframework.boot.test.autoconfigure.web.client.MockRestServiceServerResetTestExecutionListener@56b5e2e1, org.springframework.boot.test.autoconfigure.web.servlet.MockMvcPrintOnlyOnFailureTestExecutionListener@3188a6df, org.springframework.boot.test.autoconfigure.web.servlet.WebDriverTestExecutionListener@33c9f46f, org.springframework.boot.test.autoconfigure.webservices.client.MockWebServiceServerTestExecutionListener@351cd23c]
]]></system-out>
    </rerunError>
    <rerunError type="org.springframework.transaction.CannotCreateTransactionException">
      <stackTrace><![CDATA[org.springframework.transaction.CannotCreateTransactionException: Could not open JPA EntityManager for transaction; nested exception is javax.persistence.PersistenceException: [PersistenceUnit: default] Unable to build Hibernate SessionFactory; nested exception is org.hibernate.tool.schema.spi.SchemaManagementException: Schema-validation: missing table [trip]
Caused by: javax.persistence.PersistenceException: [PersistenceUnit: default] Unable to build Hibernate SessionFactory; nested exception is org.hibernate.tool.schema.spi.SchemaManagementException: Schema-validation: missing table [trip]
Caused by: org.hibernate.tool.schema.spi.SchemaManagementException: Schema-validation: missing table [trip]
]]></stackTrace>
      <system-out><![CDATA[2021-04-29 12:38:48.846  INFO 18285 --- [           main] .b.t.c.SpringBootTestContextBootstrapper : Neither @ContextConfiguration nor @ContextHierarchy found for test class [org.studentnr.backend.service.UserServiceTest], using SpringBootContextLoader
2021-04-29 12:38:48.847  INFO 18285 --- [           main] o.s.t.c.support.AbstractContextLoader    : Could not detect default resource locations for test class [org.studentnr.backend.service.UserServiceTest]: no resource found for suffixes {-context.xml, Context.groovy}.
2021-04-29 12:38:48.851  INFO 18285 --- [           main] .b.t.c.SpringBootTestContextBootstrapper : Loaded default TestExecutionListener class names from location [META-INF/spring.factories]: [org.springframework.boot.test.mock.mockito.MockitoTestExecutionListener, org.springframework.boot.test.mock.mockito.ResetMocksTestExecutionListener, org.springframework.boot.test.autoconfigure.restdocs.RestDocsTestExecutionListener, org.springframework.boot.test.autoconfigure.web.client.MockRestServiceServerResetTestExecutionListener, org.springframework.boot.test.autoconfigure.web.servlet.MockMvcPrintOnlyOnFailureTestExecutionListener, org.springframework.boot.test.autoconfigure.web.servlet.WebDriverTestExecutionListener, org.springframework.boot.test.autoconfigure.webservices.client.MockWebServiceServerTestExecutionListener, org.springframework.test.context.web.ServletTestExecutionListener, org.springframework.test.context.support.DirtiesContextBeforeModesTestExecutionListener, org.springframework.test.context.support.DependencyInjectionTestExecutionListener, org.springframework.test.context.support.DirtiesContextTestExecutionListener, org.springframework.test.context.transaction.TransactionalTestExecutionListener, org.springframework.test.context.jdbc.SqlScriptsTestExecutionListener, org.springframework.test.context.event.EventPublishingTestExecutionListener]
2021-04-29 12:38:48.852  INFO 18285 --- [           main] .b.t.c.SpringBootTestContextBootstrapper : Using TestExecutionListeners: [org.springframework.test.context.support.DirtiesContextBeforeModesTestExecutionListener@6796beb2, org.springframework.boot.test.mock.mockito.MockitoTestExecutionListener@34e40e50, org.springframework.boot.test.autoconfigure.SpringBootDependencyInjectionTestExecutionListener@2c44dccf, org.springframework.test.context.support.DirtiesContextTestExecutionListener@12a02096, org.springframework.test.context.transaction.TransactionalTestExecutionListener@40917f5e, org.springframework.test.context.jdbc.SqlScriptsTestExecutionListener@54937f92, org.springframework.test.context.event.EventPublishingTestExecutionListener@5ebb736b, org.springframework.boot.test.mock.mockito.ResetMocksTestExecutionListener@4d8c5cba, org.springframework.boot.test.autoconfigure.restdocs.RestDocsTestExecutionListener@6acb1da, org.springframework.boot.test.autoconfigure.web.client.MockRestServiceServerResetTestExecutionListener@490c3172, org.springframework.boot.test.autoconfigure.web.servlet.MockMvcPrintOnlyOnFailureTestExecutionListener@4c292313, org.springframework.boot.test.autoconfigure.web.servlet.WebDriverTestExecutionListener@636fdfa0, org.springframework.boot.test.autoconfigure.webservices.client.MockWebServiceServerTestExecutionListener@2e8076]
]]></system-out>
    </rerunError>
    <rerunError type="org.springframework.transaction.CannotCreateTransactionException">
      <stackTrace><![CDATA[org.springframework.transaction.CannotCreateTransactionException: Could not open JPA EntityManager for transaction; nested exception is javax.persistence.PersistenceException: [PersistenceUnit: default] Unable to build Hibernate SessionFactory; nested exception is org.hibernate.tool.schema.spi.SchemaManagementException: Schema-validation: missing table [trip]
Caused by: javax.persistence.PersistenceException: [PersistenceUnit: default] Unable to build Hibernate SessionFactory; nested exception is org.hibernate.tool.schema.spi.SchemaManagementException: Schema-validation: missing table [trip]
Caused by: org.hibernate.tool.schema.spi.SchemaManagementException: Schema-validation: missing table [trip]
]]></stackTrace>
      <system-out><![CDATA[2021-04-29 12:38:48.869  INFO 18285 --- [           main] .b.t.c.SpringBootTestContextBootstrapper : Neither @ContextConfiguration nor @ContextHierarchy found for test class [org.studentnr.backend.service.UserServiceTest], using SpringBootContextLoader
2021-04-29 12:38:48.869  INFO 18285 --- [           main] o.s.t.c.support.AbstractContextLoader    : Could not detect default resource locations for test class [org.studentnr.backend.service.UserServiceTest]: no resource found for suffixes {-context.xml, Context.groovy}.
2021-04-29 12:38:48.872  INFO 18285 --- [           main] .b.t.c.SpringBootTestContextBootstrapper : Loaded default TestExecutionListener class names from location [META-INF/spring.factories]: [org.springframework.boot.test.mock.mockito.MockitoTestExecutionListener, org.springframework.boot.test.mock.mockito.ResetMocksTestExecutionListener, org.springframework.boot.test.autoconfigure.restdocs.RestDocsTestExecutionListener, org.springframework.boot.test.autoconfigure.web.client.MockRestServiceServerResetTestExecutionListener, org.springframework.boot.test.autoconfigure.web.servlet.MockMvcPrintOnlyOnFailureTestExecutionListener, org.springframework.boot.test.autoconfigure.web.servlet.WebDriverTestExecutionListener, org.springframework.boot.test.autoconfigure.webservices.client.MockWebServiceServerTestExecutionListener, org.springframework.test.context.web.ServletTestExecutionListener, org.springframework.test.context.support.DirtiesContextBeforeModesTestExecutionListener, org.springframework.test.context.support.DependencyInjectionTestExecutionListener, org.springframework.test.context.support.DirtiesContextTestExecutionListener, org.springframework.test.context.transaction.TransactionalTestExecutionListener, org.springframework.test.context.jdbc.SqlScriptsTestExecutionListener, org.springframework.test.context.event.EventPublishingTestExecutionListener]
2021-04-29 12:38:48.873  INFO 18285 --- [           main] .b.t.c.SpringBootTestContextBootstrapper : Using TestExecutionListeners: [org.springframework.test.context.support.DirtiesContextBeforeModesTestExecutionListener@2801b6a0, org.springframework.boot.test.mock.mockito.MockitoTestExecutionListener@2db53908, org.springframework.boot.test.autoconfigure.SpringBootDependencyInjectionTestExecutionListener@30ba61c1, org.springframework.test.context.support.DirtiesContextTestExecutionListener@44637a90, org.springframework.test.context.transaction.TransactionalTestExecutionListener@61f2600a, org.springframework.test.context.jdbc.SqlScriptsTestExecutionListener@658b7845, org.springframework.test.context.event.EventPublishingTestExecutionListener@6dcb95c, org.springframework.boot.test.mock.mockito.ResetMocksTestExecutionListener@59b4f4ed, org.springframework.boot.test.autoconfigure.restdocs.RestDocsTestExecutionListener@2b342de1, org.springframework.boot.test.autoconfigure.web.client.MockRestServiceServerResetTestExecutionListener@15c32192, org.springframework.boot.test.autoconfigure.web.servlet.MockMvcPrintOnlyOnFailureTestExecutionListener@76366c2f, org.springframework.boot.test.autoconfigure.web.servlet.WebDriverTestExecutionListener@85bfd98, org.springframework.boot.test.autoconfigure.webservices.client.MockWebServiceServerTestExecutionListener@20a9257]
]]></system-out>
    </rerunError>
  </testcase>
</testsuite>